#
# There is insufficient memory for the Java Runtime Environment to continue.
# Native memory allocation (malloc) failed to allocate 1490912 bytes. Error detail: Chunk::new
# Possible reasons:
#   The system is out of physical RAM or swap space
#   This process is running with CompressedOops enabled, and the Java Heap may be blocking the growth of the native heap
# Possible solutions:
#   Reduce memory load on the system
#   Increase physical memory or swap space
#   Check if swap backing store is full
#   Decrease Java heap size (-Xmx/-Xms)
#   Decrease number of Java threads
#   Decrease Java thread stack sizes (-Xss)
#   Set larger code cache with -XX:ReservedCodeCacheSize=
#   JVM is running with Unscaled Compressed Oops mode in which the Java heap is
#     placed in the first 4GB address space. The Java Heap base address is the
#     maximum limit for the native heap growth. Please use -XX:HeapBaseMinAddress
#     to set the Java Heap base and to place the Java Heap above 4GB virtual address.
# This output file may be truncated or incomplete.
#
#  Out of Memory Error (arena.cpp:191), pid=6904, tid=19216
#
# JRE version: OpenJDK Runtime Environment Temurin-17.0.11+9 (17.0.11+9) (build 17.0.11+9)
# Java VM: OpenJDK 64-Bit Server VM Temurin-17.0.11+9 (17.0.11+9, mixed mode, tiered, compressed oops, compressed class ptrs, parallel gc, windows-amd64)
# No core dump will be written. Minidumps are not enabled by default on client versions of Windows
#

---------------  S U M M A R Y ------------

Command Line: --add-modules=ALL-SYSTEM --add-opens=java.base/java.util=ALL-UNNAMED --add-opens=java.base/java.lang=ALL-UNNAMED --add-opens=java.base/sun.nio.fs=ALL-UNNAMED -Declipse.application=org.eclipse.jdt.ls.core.id1 -Dosgi.bundles.defaultStartLevel=4 -Declipse.product=org.eclipse.jdt.ls.core.product -Djava.import.generatesMetadataFilesAtProjectRoot=false -DDetectVMInstallationsJob.disabled=true -Dfile.encoding=utf8 -XX:+UseParallelGC -XX:GCTimeRatio=4 -XX:AdaptiveSizePolicyWeight=90 -Dsun.zip.disableMemoryMapping=true -Xmx1G -Xms100m -Xlog:disable -javaagent:c:\Users\Admin\.vscode\extensions\redhat.java-1.32.0-win32-x64\lombok\lombok-1.18.33.jar c:\Users\Admin\.vscode\extensions\redhat.java-1.32.0-win32-x64\server\plugins\org.eclipse.equinox.launcher_1.6.900.v20240613-2009.jar -configuration c:\Users\Admin\AppData\Roaming\Code\User\globalStorage\redhat.java\1.32.0\config_ss_win -data c:\Users\Admin\AppData\Roaming\Code\User\workspaceStorage\bb95b85101c6963a136564adb8ffaca1\redhat.java\ss_ws --pipe=\\.\pipe\lsp-c1a6555fbdb27e2a5c14be6437e00080-sock

Host: Intel(R) Core(TM) i3-10110U CPU @ 2.10GHz, 4 cores, 3G,  Windows 11 , 64 bit Build 22621 (10.0.22621.1485)
Time: Mon Jul 15 11:31:43 2024 SE Asia Standard Time elapsed time: 22.273759 seconds (0d 0h 0m 22s)

---------------  T H R E A D  ---------------

Current thread (0x000001bf1897ce20):  JavaThread "C2 CompilerThread0" daemon [_thread_in_native, id=19216, stack(0x000000a197500000,0x000000a197600000)]


Current CompileTask:
C2:  22273 5046       4       org.lombokweb.asm.ClassReader::readMethod (1066 bytes)

Stack: [0x000000a197500000,0x000000a197600000]
Native frames: (J=compiled Java code, j=interpreted, Vv=VM code, C=native code)
V  [jvm.dll+0x67d429]
V  [jvm.dll+0x834b7a]
V  [jvm.dll+0x83663e]
V  [jvm.dll+0x836ca3]
V  [jvm.dll+0x247dbf]
V  [jvm.dll+0xac534]
V  [jvm.dll+0xacb7c]
V  [jvm.dll+0x366647]
V  [jvm.dll+0x1bd272]
V  [jvm.dll+0x21a5c9]
V  [jvm.dll+0x2198b1]
V  [jvm.dll+0x1a534d]
V  [jvm.dll+0x2295cd]
V  [jvm.dll+0x22779c]
V  [jvm.dll+0x7e9d07]
V  [jvm.dll+0x7e410a]
V  [jvm.dll+0x67c315]
C  [ucrtbase.dll+0x29363]
C  [KERNEL32.DLL+0x1269d]
C  [ntdll.dll+0x5a9f8]


---------------  P R O C E S S  ---------------

Threads class SMR info:
_java_thread_list=0x000001bf1f32a500, length=33, elements={
0x000001bf04b081d0, 0x000001bf18950030, 0x000001bf18951460, 0x000001bf04bbc500,
0x000001bf04bbced0, 0x000001bf04bbd7a0, 0x000001bf04bbe070, 0x000001bf1897ce20,
0x000001bf1dad4860, 0x000001bf1dad6530, 0x000001bf04b6a960, 0x000001bf1dced6d0,
0x000001bf1e38d460, 0x000001bf1e4011c0, 0x000001bf1e4016a0, 0x000001bf1e3f4480,
0x000001bf1e5d8310, 0x000001bf1e5d5070, 0x000001bf1e5d5580, 0x000001bf1e5d73e0,
0x000001bf1e5d7e00, 0x000001bf1e5d8820, 0x000001bf1e5d5a90, 0x000001bf1e5d64b0,
0x000001bf1e5d69c0, 0x000001bf1e5d6ed0, 0x000001bf1e5d78f0, 0x000001bf1fd32520,
0x000001bf1fd39480, 0x000001bf1fd352b0, 0x000001bf1fd38f70, 0x000001bf1fd357c0,
0x000001bf1fd35cd0
}

Java Threads: ( => current thread )
  0x000001bf04b081d0 JavaThread "main" [_thread_blocked, id=29592, stack(0x000000a196c00000,0x000000a196d00000)]
  0x000001bf18950030 JavaThread "Reference Handler" daemon [_thread_blocked, id=8240, stack(0x000000a196f00000,0x000000a197000000)]
  0x000001bf18951460 JavaThread "Finalizer" daemon [_thread_blocked, id=25540, stack(0x000000a197000000,0x000000a197100000)]
  0x000001bf04bbc500 JavaThread "Signal Dispatcher" daemon [_thread_blocked, id=872, stack(0x000000a197100000,0x000000a197200000)]
  0x000001bf04bbced0 JavaThread "Attach Listener" daemon [_thread_blocked, id=24096, stack(0x000000a197200000,0x000000a197300000)]
  0x000001bf04bbd7a0 JavaThread "Service Thread" daemon [_thread_blocked, id=6344, stack(0x000000a197300000,0x000000a197400000)]
  0x000001bf04bbe070 JavaThread "Monitor Deflation Thread" daemon [_thread_blocked, id=17988, stack(0x000000a197400000,0x000000a197500000)]
=>0x000001bf1897ce20 JavaThread "C2 CompilerThread0" daemon [_thread_in_native, id=19216, stack(0x000000a197500000,0x000000a197600000)]
  0x000001bf1dad4860 JavaThread "C1 CompilerThread0" daemon [_thread_blocked, id=548, stack(0x000000a197600000,0x000000a197700000)]
  0x000001bf1dad6530 JavaThread "Sweeper thread" daemon [_thread_blocked, id=1512, stack(0x000000a197700000,0x000000a197800000)]
  0x000001bf04b6a960 JavaThread "Common-Cleaner" daemon [_thread_blocked, id=30348, stack(0x000000a197800000,0x000000a197900000)]
  0x000001bf1dced6d0 JavaThread "Notification Thread" daemon [_thread_blocked, id=19328, stack(0x000000a197900000,0x000000a197a00000)]
  0x000001bf1e38d460 JavaThread "Active Thread: Equinox Container: e84631cf-5a44-452f-9a7a-38af0e354410" [_thread_blocked, id=25360, stack(0x000000a197e00000,0x000000a197f00000)]
  0x000001bf1e4011c0 JavaThread "Framework Event Dispatcher: Equinox Container: e84631cf-5a44-452f-9a7a-38af0e354410" daemon [_thread_blocked, id=22340, stack(0x000000a197f00000,0x000000a198000000)]
  0x000001bf1e4016a0 JavaThread "Start Level: Equinox Container: e84631cf-5a44-452f-9a7a-38af0e354410" daemon [_thread_blocked, id=26668, stack(0x000000a198000000,0x000000a198100000)]
  0x000001bf1e3f4480 JavaThread "SCR Component Actor" daemon [_thread_blocked, id=7640, stack(0x000000a198100000,0x000000a198200000)]
  0x000001bf1e5d8310 JavaThread "Worker-JM" [_thread_blocked, id=13880, stack(0x000000a198300000,0x000000a198400000)]
  0x000001bf1e5d5070 JavaThread "Worker-0" [_thread_blocked, id=9828, stack(0x000000a198400000,0x000000a198500000)]
  0x000001bf1e5d5580 JavaThread "Worker-1" [_thread_blocked, id=18036, stack(0x000000a198500000,0x000000a198600000)]
  0x000001bf1e5d73e0 JavaThread "Worker-2" [_thread_blocked, id=6628, stack(0x000000a198600000,0x000000a198700000)]
  0x000001bf1e5d7e00 JavaThread "JNA Cleaner" daemon [_thread_blocked, id=28152, stack(0x000000a198200000,0x000000a198300000)]
  0x000001bf1e5d8820 JavaThread "Thread-2" daemon [_thread_in_native, id=15472, stack(0x000000a198900000,0x000000a198a00000)]
  0x000001bf1e5d5a90 JavaThread "Thread-3" daemon [_thread_in_native, id=19996, stack(0x000000a198a00000,0x000000a198b00000)]
  0x000001bf1e5d64b0 JavaThread "Thread-4" daemon [_thread_in_native, id=16832, stack(0x000000a198b00000,0x000000a198c00000)]
  0x000001bf1e5d69c0 JavaThread "Thread-5" daemon [_thread_in_native, id=13256, stack(0x000000a198c00000,0x000000a198d00000)]
  0x000001bf1e5d6ed0 JavaThread "Thread-6" daemon [_thread_in_native, id=18296, stack(0x000000a198d00000,0x000000a198e00000)]
  0x000001bf1e5d78f0 JavaThread "pool-2-thread-1" [_thread_blocked, id=27804, stack(0x000000a198e00000,0x000000a198f00000)]
  0x000001bf1fd32520 JavaThread "WorkspaceEventsHandler" [_thread_blocked, id=18056, stack(0x000000a198f00000,0x000000a199000000)]
  0x000001bf1fd39480 JavaThread "pool-1-thread-1" [_thread_blocked, id=5828, stack(0x000000a199000000,0x000000a199100000)]
  0x000001bf1fd352b0 JavaThread "ForkJoinPool.commonPool-worker-1" daemon [_thread_in_Java, id=16408, stack(0x000000a199100000,0x000000a199200000)]
  0x000001bf1fd38f70 JavaThread "ForkJoinPool.commonPool-worker-2" daemon [_thread_blocked, id=7904, stack(0x000000a199200000,0x000000a199300000)]
  0x000001bf1fd357c0 JavaThread "ForkJoinPool.commonPool-worker-3" daemon [_thread_blocked, id=2292, stack(0x000000a199400000,0x000000a199500000)]
  0x000001bf1fd35cd0 JavaThread "Worker-3" [_thread_blocked, id=16256, stack(0x000000a199300000,0x000000a199400000)]

Other Threads:
  0x000001bf04bb6a20 VMThread "VM Thread" [stack: 0x000000a196e00000,0x000000a196f00000] [id=17116]
  0x000001bf1dcedbb0 WatcherThread [stack: 0x000000a197a00000,0x000000a197b00000] [id=16260]
  0x000001bf04b1d390 GCTaskThread "GC Thread#0" [stack: 0x000000a196d00000,0x000000a196e00000] [id=10752]
  0x000001bf1e352300 GCTaskThread "GC Thread#1" [stack: 0x000000a197b00000,0x000000a197c00000] [id=21824]
  0x000001bf1e1e91d0 GCTaskThread "GC Thread#2" [stack: 0x000000a197c00000,0x000000a197d00000] [id=16176]
  0x000001bf1e1e9490 GCTaskThread "GC Thread#3" [stack: 0x000000a197d00000,0x000000a197e00000] [id=4408]

Threads with active compile tasks:
C2 CompilerThread0    22307 5046       4       org.lombokweb.asm.ClassReader::readMethod (1066 bytes)

VM state: not at safepoint (normal execution)

VM Mutex/Monitor currently owned by a thread: None

Heap address: 0x00000000c0000000, size: 1024 MB, Compressed Oops mode: 32-bit

CDS archive(s) not mapped
Compressed class space mapped at: 0x0000000100000000-0x0000000140000000, reserved size: 1073741824
Narrow klass base: 0x0000000000000000, Narrow klass shift: 3, Narrow klass range: 0x140000000

GC Precious Log:
 CPUs: 4 total, 4 available
 Memory: 3900M
 Large Page Support: Disabled
 NUMA Support: Disabled
 Compressed Oops: Enabled (32-bit)
 Alignments: Space 512K, Generation 512K, Heap 2M
 Heap Min Capacity: 100M
 Heap Initial Capacity: 100M
 Heap Max Capacity: 1G
 Pre-touch: Disabled
 Parallel Workers: 4

Heap:
 PSYoungGen      total 23552K, used 16418K [0x00000000eab00000, 0x00000000ec400000, 0x0000000100000000)
  eden space 21504K, 68% used [0x00000000eab00000,0x00000000eb96dce8,0x00000000ec000000)
  from space 2048K, 80% used [0x00000000ec000000,0x00000000ec19ac10,0x00000000ec200000)
  to   space 2048K, 0% used [0x00000000ec200000,0x00000000ec200000,0x00000000ec400000)
 ParOldGen       total 68608K, used 30745K [0x00000000c0000000, 0x00000000c4300000, 0x00000000eab00000)
  object space 68608K, 44% used [0x00000000c0000000,0x00000000c1e066b0,0x00000000c4300000)
 Metaspace       used 46696K, committed 47488K, reserved 1114112K
  class space    used 4696K, committed 5056K, reserved 1048576K

Card table byte_map: [0x000001bf044d0000,0x000001bf046e0000] _byte_map_base: 0x000001bf03ed0000

Marking Bits: (ParMarkBitMap*) 0x00007ffdb8f7d820
 Begin Bits: [0x000001bf167a0000, 0x000001bf177a0000)
 End Bits:   [0x000001bf177a0000, 0x000001bf187a0000)

Polling page: 0x000001bf042c0000

Metaspace:

Usage:
  Non-class:     41.02 MB used.
      Class:      4.59 MB used.
       Both:     45.60 MB used.

Virtual space:
  Non-class space:       64.00 MB reserved,      41.44 MB ( 65%) committed,  1 nodes.
      Class space:        1.00 GB reserved,       4.94 MB ( <1%) committed,  1 nodes.
             Both:        1.06 GB reserved,      46.38 MB (  4%) committed. 

Chunk freelists:
   Non-Class:  5.97 MB
       Class:  10.96 MB
        Both:  16.93 MB

MaxMetaspaceSize: unlimited
CompressedClassSpaceSize: 1.00 GB
Initial GC threshold: 21.00 MB
Current GC threshold: 58.38 MB
CDS: off
MetaspaceReclaimPolicy: balanced
 - commit_granule_bytes: 65536.
 - commit_granule_words: 8192.
 - virtual_space_node_default_size: 8388608.
 - enlarge_chunks_in_place: 1.
 - new_chunks_are_fully_committed: 0.
 - uncommit_free_chunks: 1.
 - use_allocation_guard: 0.
 - handle_deallocations: 1.


Internal statistics:

num_allocs_failed_limit: 6.
num_arena_births: 442.
num_arena_deaths: 14.
num_vsnodes_births: 2.
num_vsnodes_deaths: 0.
num_space_committed: 742.
num_space_uncommitted: 0.
num_chunks_returned_to_freelist: 20.
num_chunks_taken_from_freelist: 2032.
num_chunk_merges: 11.
num_chunk_splits: 1299.
num_chunks_enlarged: 862.
num_inconsistent_stats: 0.

CodeHeap 'non-profiled nmethods': size=120000Kb used=2564Kb max_used=2564Kb free=117435Kb
 bounds [0x000001bf0f270000, 0x000001bf0f500000, 0x000001bf167a0000]
CodeHeap 'profiled nmethods': size=120000Kb used=11171Kb max_used=11171Kb free=108828Kb
 bounds [0x000001bf077a0000, 0x000001bf08290000, 0x000001bf0ecd0000]
CodeHeap 'non-nmethods': size=5760Kb used=1338Kb max_used=1408Kb free=4421Kb
 bounds [0x000001bf0ecd0000, 0x000001bf0ef40000, 0x000001bf0f270000]
 total_blobs=5770 nmethods=5088 adapters=596
 compilation: enabled
              stopped_count=0, restarted_count=0
 full_count=0

Compilation events (20 events):
Event: 22.192 Thread 0x000001bf1dad4860 5088       3       lombok.patcher.MethodLogistics::sizeOf (46 bytes)
Event: 22.192 Thread 0x000001bf1dad4860 nmethod 5088 0x000001bf08280f10 code [0x000001bf08281120, 0x000001bf08281798]
Event: 22.192 Thread 0x000001bf1dad4860 5086       3       org.lombokweb.asm.SymbolTable::addConstantLongOrDouble (20 bytes)
Event: 22.192 Thread 0x000001bf1dad4860 nmethod 5086 0x000001bf08281a10 code [0x000001bf08281bc0, 0x000001bf08281e08]
Event: 22.193 Thread 0x000001bf1dad4860 5092       2       org.lombokweb.asm.Handler::getExceptionTableLength (21 bytes)
Event: 22.193 Thread 0x000001bf1dad4860 nmethod 5092 0x000001bf08281f10 code [0x000001bf082820a0, 0x000001bf082821f8]
Event: 22.193 Thread 0x000001bf1dad4860 5093       2       org.lombokweb.asm.Handler::getExceptionTableSize (10 bytes)
Event: 22.193 Thread 0x000001bf1dad4860 nmethod 5093 0x000001bf08282310 code [0x000001bf082824a0, 0x000001bf082825f8]
Event: 22.193 Thread 0x000001bf1dad4860 5094       2       org.lombokweb.asm.Handler::putExceptionTable (63 bytes)
Event: 22.193 Thread 0x000001bf1dad4860 nmethod 5094 0x000001bf08282710 code [0x000001bf08282900, 0x000001bf08282be8]
Event: 22.195 Thread 0x000001bf1dad4860 5095       2       org.lombokweb.asm.MethodWriter::visitIntInsn (113 bytes)
Event: 22.195 Thread 0x000001bf1dad4860 nmethod 5095 0x000001bf08282e90 code [0x000001bf08283060, 0x000001bf082832c8]
Event: 22.195 Thread 0x000001bf1dad4860 5096       2       org.lombokweb.asm.MethodVisitor::visitIntInsn (17 bytes)
Event: 22.195 Thread 0x000001bf1dad4860 nmethod 5096 0x000001bf08283410 code [0x000001bf082835a0, 0x000001bf082836c8]
Event: 22.195 Thread 0x000001bf1dad4860 5097       3       java.util.regex.Pattern$StartS::match (138 bytes)
Event: 22.196 Thread 0x000001bf1dad4860 nmethod 5097 0x000001bf08283790 code [0x000001bf082839c0, 0x000001bf082844b8]
Event: 22.198 Thread 0x000001bf1dad4860 5099       2       org.lombokweb.asm.MethodWriter::visitLdcInsn (215 bytes)
Event: 22.199 Thread 0x000001bf1dad4860 nmethod 5099 0x000001bf08284790 code [0x000001bf082849a0, 0x000001bf08284e68]
Event: 22.203 Thread 0x000001bf1dad4860 5100       3       org.lombokweb.asm.ClassReader::getFirstAttributeOffset (136 bytes)
Event: 22.203 Thread 0x000001bf1dad4860 nmethod 5100 0x000001bf08285210 code [0x000001bf08285440, 0x000001bf08285aa8]

GC Heap History (20 events):
Event: 17.702 GC heap before
{Heap before GC invocations=16 (full 2):
 PSYoungGen      total 24064K, used 23712K [0x00000000eab00000, 0x00000000ec680000, 0x0000000100000000)
  eden space 22016K, 100% used [0x00000000eab00000,0x00000000ec080000,0x00000000ec080000)
  from space 2048K, 82% used [0x00000000ec080000,0x00000000ec228000,0x00000000ec280000)
  to   space 2560K, 0% used [0x00000000ec400000,0x00000000ec400000,0x00000000ec680000)
 ParOldGen       total 68608K, used 17899K [0x00000000c0000000, 0x00000000c4300000, 0x00000000eab00000)
  object space 68608K, 26% used [0x00000000c0000000,0x00000000c117ad88,0x00000000c4300000)
 Metaspace       used 39827K, committed 40576K, reserved 1114112K
  class space    used 4038K, committed 4352K, reserved 1048576K
}
Event: 17.707 GC heap after
{Heap after GC invocations=16 (full 2):
 PSYoungGen      total 24064K, used 1664K [0x00000000eab00000, 0x00000000ec600000, 0x0000000100000000)
  eden space 22016K, 0% used [0x00000000eab00000,0x00000000eab00000,0x00000000ec080000)
  from space 2048K, 81% used [0x00000000ec400000,0x00000000ec5a0010,0x00000000ec600000)
  to   space 2048K, 0% used [0x00000000ec080000,0x00000000ec080000,0x00000000ec280000)
 ParOldGen       total 68608K, used 19539K [0x00000000c0000000, 0x00000000c4300000, 0x00000000eab00000)
  object space 68608K, 28% used [0x00000000c0000000,0x00000000c1314d88,0x00000000c4300000)
 Metaspace       used 39827K, committed 40576K, reserved 1114112K
  class space    used 4038K, committed 4352K, reserved 1048576K
}
Event: 17.924 GC heap before
{Heap before GC invocations=17 (full 2):
 PSYoungGen      total 24064K, used 23680K [0x00000000eab00000, 0x00000000ec600000, 0x0000000100000000)
  eden space 22016K, 100% used [0x00000000eab00000,0x00000000ec080000,0x00000000ec080000)
  from space 2048K, 81% used [0x00000000ec400000,0x00000000ec5a0010,0x00000000ec600000)
  to   space 2048K, 0% used [0x00000000ec080000,0x00000000ec080000,0x00000000ec280000)
 ParOldGen       total 68608K, used 19539K [0x00000000c0000000, 0x00000000c4300000, 0x00000000eab00000)
  object space 68608K, 28% used [0x00000000c0000000,0x00000000c1314d88,0x00000000c4300000)
 Metaspace       used 40312K, committed 41024K, reserved 1114112K
  class space    used 4100K, committed 4416K, reserved 1048576K
}
Event: 17.927 GC heap after
{Heap after GC invocations=17 (full 2):
 PSYoungGen      total 24064K, used 1888K [0x00000000eab00000, 0x00000000ec480000, 0x0000000100000000)
  eden space 22016K, 0% used [0x00000000eab00000,0x00000000eab00000,0x00000000ec080000)
  from space 2048K, 92% used [0x00000000ec080000,0x00000000ec258000,0x00000000ec280000)
  to   space 2048K, 0% used [0x00000000ec280000,0x00000000ec280000,0x00000000ec480000)
 ParOldGen       total 68608K, used 21051K [0x00000000c0000000, 0x00000000c4300000, 0x00000000eab00000)
  object space 68608K, 30% used [0x00000000c0000000,0x00000000c148ed98,0x00000000c4300000)
 Metaspace       used 40312K, committed 41024K, reserved 1114112K
  class space    used 4100K, committed 4416K, reserved 1048576K
}
Event: 18.071 GC heap before
{Heap before GC invocations=18 (full 2):
 PSYoungGen      total 24064K, used 23904K [0x00000000eab00000, 0x00000000ec480000, 0x0000000100000000)
  eden space 22016K, 100% used [0x00000000eab00000,0x00000000ec080000,0x00000000ec080000)
  from space 2048K, 92% used [0x00000000ec080000,0x00000000ec258000,0x00000000ec280000)
  to   space 2048K, 0% used [0x00000000ec280000,0x00000000ec280000,0x00000000ec480000)
 ParOldGen       total 68608K, used 21051K [0x00000000c0000000, 0x00000000c4300000, 0x00000000eab00000)
  object space 68608K, 30% used [0x00000000c0000000,0x00000000c148ed98,0x00000000c4300000)
 Metaspace       used 40994K, committed 41728K, reserved 1114112K
  class space    used 4143K, committed 4480K, reserved 1048576K
}
Event: 18.075 GC heap after
{Heap after GC invocations=18 (full 2):
 PSYoungGen      total 24064K, used 2036K [0x00000000eab00000, 0x00000000ec480000, 0x0000000100000000)
  eden space 22016K, 0% used [0x00000000eab00000,0x00000000eab00000,0x00000000ec080000)
  from space 2048K, 99% used [0x00000000ec280000,0x00000000ec47d100,0x00000000ec480000)
  to   space 2048K, 0% used [0x00000000ec080000,0x00000000ec080000,0x00000000ec280000)
 ParOldGen       total 68608K, used 23205K [0x00000000c0000000, 0x00000000c4300000, 0x00000000eab00000)
  object space 68608K, 33% used [0x00000000c0000000,0x00000000c16a9538,0x00000000c4300000)
 Metaspace       used 40994K, committed 41728K, reserved 1114112K
  class space    used 4143K, committed 4480K, reserved 1048576K
}
Event: 18.173 GC heap before
{Heap before GC invocations=19 (full 2):
 PSYoungGen      total 24064K, used 24052K [0x00000000eab00000, 0x00000000ec480000, 0x0000000100000000)
  eden space 22016K, 100% used [0x00000000eab00000,0x00000000ec080000,0x00000000ec080000)
  from space 2048K, 99% used [0x00000000ec280000,0x00000000ec47d100,0x00000000ec480000)
  to   space 2048K, 0% used [0x00000000ec080000,0x00000000ec080000,0x00000000ec280000)
 ParOldGen       total 68608K, used 23205K [0x00000000c0000000, 0x00000000c4300000, 0x00000000eab00000)
  object space 68608K, 33% used [0x00000000c0000000,0x00000000c16a9538,0x00000000c4300000)
 Metaspace       used 41028K, committed 41792K, reserved 1114112K
  class space    used 4151K, committed 4480K, reserved 1048576K
}
Event: 18.177 GC heap after
{Heap after GC invocations=19 (full 2):
 PSYoungGen      total 24064K, used 1696K [0x00000000eab00000, 0x00000000ec680000, 0x0000000100000000)
  eden space 22016K, 0% used [0x00000000eab00000,0x00000000eab00000,0x00000000ec080000)
  from space 2048K, 82% used [0x00000000ec080000,0x00000000ec228000,0x00000000ec280000)
  to   space 3072K, 0% used [0x00000000ec380000,0x00000000ec380000,0x00000000ec680000)
 ParOldGen       total 68608K, used 25149K [0x00000000c0000000, 0x00000000c4300000, 0x00000000eab00000)
  object space 68608K, 36% used [0x00000000c0000000,0x00000000c188f548,0x00000000c4300000)
 Metaspace       used 41028K, committed 41792K, reserved 1114112K
  class space    used 4151K, committed 4480K, reserved 1048576K
}
Event: 19.041 GC heap before
{Heap before GC invocations=20 (full 2):
 PSYoungGen      total 24064K, used 23669K [0x00000000eab00000, 0x00000000ec680000, 0x0000000100000000)
  eden space 22016K, 99% used [0x00000000eab00000,0x00000000ec075608,0x00000000ec080000)
  from space 2048K, 82% used [0x00000000ec080000,0x00000000ec228000,0x00000000ec280000)
  to   space 3072K, 0% used [0x00000000ec380000,0x00000000ec380000,0x00000000ec680000)
 ParOldGen       total 68608K, used 25149K [0x00000000c0000000, 0x00000000c4300000, 0x00000000eab00000)
  object space 68608K, 36% used [0x00000000c0000000,0x00000000c188f548,0x00000000c4300000)
 Metaspace       used 42428K, committed 43136K, reserved 1114112K
  class space    used 4296K, committed 4608K, reserved 1048576K
}
Event: 19.043 GC heap after
{Heap after GC invocations=20 (full 2):
 PSYoungGen      total 22528K, used 384K [0x00000000eab00000, 0x00000000ec400000, 0x0000000100000000)
  eden space 22016K, 0% used [0x00000000eab00000,0x00000000eab00000,0x00000000ec080000)
  from space 512K, 75% used [0x00000000ec380000,0x00000000ec3e0000,0x00000000ec400000)
  to   space 1024K, 0% used [0x00000000ec200000,0x00000000ec200000,0x00000000ec300000)
 ParOldGen       total 68608K, used 26805K [0x00000000c0000000, 0x00000000c4300000, 0x00000000eab00000)
  object space 68608K, 39% used [0x00000000c0000000,0x00000000c1a2d548,0x00000000c4300000)
 Metaspace       used 42428K, committed 43136K, reserved 1114112K
  class space    used 4296K, committed 4608K, reserved 1048576K
}
Event: 20.374 GC heap before
{Heap before GC invocations=21 (full 2):
 PSYoungGen      total 22528K, used 22400K [0x00000000eab00000, 0x00000000ec400000, 0x0000000100000000)
  eden space 22016K, 100% used [0x00000000eab00000,0x00000000ec080000,0x00000000ec080000)
  from space 512K, 75% used [0x00000000ec380000,0x00000000ec3e0000,0x00000000ec400000)
  to   space 1024K, 0% used [0x00000000ec200000,0x00000000ec200000,0x00000000ec300000)
 ParOldGen       total 68608K, used 26805K [0x00000000c0000000, 0x00000000c4300000, 0x00000000eab00000)
  object space 68608K, 39% used [0x00000000c0000000,0x00000000c1a2d548,0x00000000c4300000)
 Metaspace       used 44547K, committed 45312K, reserved 1114112K
  class space    used 4521K, committed 4864K, reserved 1048576K
}
Event: 20.377 GC heap after
{Heap after GC invocations=21 (full 2):
 PSYoungGen      total 23040K, used 878K [0x00000000eab00000, 0x00000000ec400000, 0x0000000100000000)
  eden space 22016K, 0% used [0x00000000eab00000,0x00000000eab00000,0x00000000ec080000)
  from space 1024K, 85% used [0x00000000ec200000,0x00000000ec2dba40,0x00000000ec300000)
  to   space 1024K, 0% used [0x00000000ec300000,0x00000000ec300000,0x00000000ec400000)
 ParOldGen       total 68608K, used 27141K [0x00000000c0000000, 0x00000000c4300000, 0x00000000eab00000)
  object space 68608K, 39% used [0x00000000c0000000,0x00000000c1a81568,0x00000000c4300000)
 Metaspace       used 44547K, committed 45312K, reserved 1114112K
  class space    used 4521K, committed 4864K, reserved 1048576K
}
Event: 21.268 GC heap before
{Heap before GC invocations=22 (full 2):
 PSYoungGen      total 23040K, used 22894K [0x00000000eab00000, 0x00000000ec400000, 0x0000000100000000)
  eden space 22016K, 100% used [0x00000000eab00000,0x00000000ec080000,0x00000000ec080000)
  from space 1024K, 85% used [0x00000000ec200000,0x00000000ec2dba40,0x00000000ec300000)
  to   space 1024K, 0% used [0x00000000ec300000,0x00000000ec300000,0x00000000ec400000)
 ParOldGen       total 68608K, used 27141K [0x00000000c0000000, 0x00000000c4300000, 0x00000000eab00000)
  object space 68608K, 39% used [0x00000000c0000000,0x00000000c1a81568,0x00000000c4300000)
 Metaspace       used 45858K, committed 46656K, reserved 1114112K
  class space    used 4626K, committed 4992K, reserved 1048576K
}
Event: 21.270 GC heap after
{Heap after GC invocations=22 (full 2):
 PSYoungGen      total 23040K, used 992K [0x00000000eab00000, 0x00000000ec580000, 0x0000000100000000)
  eden space 22016K, 0% used [0x00000000eab00000,0x00000000eab00000,0x00000000ec080000)
  from space 1024K, 96% used [0x00000000ec300000,0x00000000ec3f8020,0x00000000ec400000)
  to   space 2560K, 0% used [0x00000000ec080000,0x00000000ec080000,0x00000000ec300000)
 ParOldGen       total 68608K, used 28086K [0x00000000c0000000, 0x00000000c4300000, 0x00000000eab00000)
  object space 68608K, 40% used [0x00000000c0000000,0x00000000c1b6d808,0x00000000c4300000)
 Metaspace       used 45858K, committed 46656K, reserved 1114112K
  class space    used 4626K, committed 4992K, reserved 1048576K
}
Event: 21.553 GC heap before
{Heap before GC invocations=23 (full 2):
 PSYoungGen      total 23040K, used 23008K [0x00000000eab00000, 0x00000000ec580000, 0x0000000100000000)
  eden space 22016K, 100% used [0x00000000eab00000,0x00000000ec080000,0x00000000ec080000)
  from space 1024K, 96% used [0x00000000ec300000,0x00000000ec3f8020,0x00000000ec400000)
  to   space 2560K, 0% used [0x00000000ec080000,0x00000000ec080000,0x00000000ec300000)
 ParOldGen       total 68608K, used 28086K [0x00000000c0000000, 0x00000000c4300000, 0x00000000eab00000)
  object space 68608K, 40% used [0x00000000c0000000,0x00000000c1b6d808,0x00000000c4300000)
 Metaspace       used 45880K, committed 46656K, reserved 1114112K
  class space    used 4629K, committed 4992K, reserved 1048576K
}
Event: 21.555 GC heap after
{Heap after GC invocations=23 (full 2):
 PSYoungGen      total 23040K, used 832K [0x00000000eab00000, 0x00000000ec380000, 0x0000000100000000)
  eden space 22016K, 0% used [0x00000000eab00000,0x00000000eab00000,0x00000000ec080000)
  from space 1024K, 81% used [0x00000000ec080000,0x00000000ec150000,0x00000000ec180000)
  to   space 1536K, 0% used [0x00000000ec200000,0x00000000ec200000,0x00000000ec380000)
 ParOldGen       total 68608K, used 28845K [0x00000000c0000000, 0x00000000c4300000, 0x00000000eab00000)
  object space 68608K, 42% used [0x00000000c0000000,0x00000000c1c2b4e8,0x00000000c4300000)
 Metaspace       used 45880K, committed 46656K, reserved 1114112K
  class space    used 4629K, committed 4992K, reserved 1048576K
}
Event: 21.917 GC heap before
{Heap before GC invocations=24 (full 2):
 PSYoungGen      total 23040K, used 22848K [0x00000000eab00000, 0x00000000ec380000, 0x0000000100000000)
  eden space 22016K, 100% used [0x00000000eab00000,0x00000000ec080000,0x00000000ec080000)
  from space 1024K, 81% used [0x00000000ec080000,0x00000000ec150000,0x00000000ec180000)
  to   space 1536K, 0% used [0x00000000ec200000,0x00000000ec200000,0x00000000ec380000)
 ParOldGen       total 68608K, used 28845K [0x00000000c0000000, 0x00000000c4300000, 0x00000000eab00000)
  object space 68608K, 42% used [0x00000000c0000000,0x00000000c1c2b4e8,0x00000000c4300000)
 Metaspace       used 46189K, committed 46912K, reserved 1114112K
  class space    used 4664K, committed 4992K, reserved 1048576K
}
Event: 21.920 GC heap after
{Heap after GC invocations=24 (full 2):
 PSYoungGen      total 23040K, used 1424K [0x00000000eab00000, 0x00000000ec480000, 0x0000000100000000)
  eden space 21504K, 0% used [0x00000000eab00000,0x00000000eab00000,0x00000000ec000000)
  from space 1536K, 92% used [0x00000000ec200000,0x00000000ec364030,0x00000000ec380000)
  to   space 2048K, 0% used [0x00000000ec000000,0x00000000ec000000,0x00000000ec200000)
 ParOldGen       total 68608K, used 29650K [0x00000000c0000000, 0x00000000c4300000, 0x00000000eab00000)
  object space 68608K, 43% used [0x00000000c0000000,0x00000000c1cf4968,0x00000000c4300000)
 Metaspace       used 46189K, committed 46912K, reserved 1114112K
  class space    used 4664K, committed 4992K, reserved 1048576K
}
Event: 22.182 GC heap before
{Heap before GC invocations=25 (full 2):
 PSYoungGen      total 23040K, used 22928K [0x00000000eab00000, 0x00000000ec480000, 0x0000000100000000)
  eden space 21504K, 100% used [0x00000000eab00000,0x00000000ec000000,0x00000000ec000000)
  from space 1536K, 92% used [0x00000000ec200000,0x00000000ec364030,0x00000000ec380000)
  to   space 2048K, 0% used [0x00000000ec000000,0x00000000ec000000,0x00000000ec200000)
 ParOldGen       total 68608K, used 29650K [0x00000000c0000000, 0x00000000c4300000, 0x00000000eab00000)
  object space 68608K, 43% used [0x00000000c0000000,0x00000000c1cf4968,0x00000000c4300000)
 Metaspace       used 46690K, committed 47488K, reserved 1114112K
  class space    used 4696K, committed 5056K, reserved 1048576K
}
Event: 22.185 GC heap after
{Heap after GC invocations=25 (full 2):
 PSYoungGen      total 23552K, used 1643K [0x00000000eab00000, 0x00000000ec400000, 0x0000000100000000)
  eden space 21504K, 0% used [0x00000000eab00000,0x00000000eab00000,0x00000000ec000000)
  from space 2048K, 80% used [0x00000000ec000000,0x00000000ec19ac10,0x00000000ec200000)
  to   space 2048K, 0% used [0x00000000ec200000,0x00000000ec200000,0x00000000ec400000)
 ParOldGen       total 68608K, used 30745K [0x00000000c0000000, 0x00000000c4300000, 0x00000000eab00000)
  object space 68608K, 44% used [0x00000000c0000000,0x00000000c1e066b0,0x00000000c4300000)
 Metaspace       used 46690K, committed 47488K, reserved 1114112K
  class space    used 4696K, committed 5056K, reserved 1048576K
}

Dll operation events (10 events):
Event: 0.370 Loaded shared library c:\Users\Admin\.vscode\extensions\redhat.java-1.32.0-win32-x64\jre\17.0.11-win32-x86_64\bin\java.dll
Event: 0.901 Loaded shared library c:\Users\Admin\.vscode\extensions\redhat.java-1.32.0-win32-x64\jre\17.0.11-win32-x86_64\bin\zip.dll
Event: 0.908 Loaded shared library C:\Users\Admin\.vscode\extensions\redhat.java-1.32.0-win32-x64\jre\17.0.11-win32-x86_64\bin\instrument.dll
Event: 0.972 Loaded shared library C:\Users\Admin\.vscode\extensions\redhat.java-1.32.0-win32-x64\jre\17.0.11-win32-x86_64\bin\net.dll
Event: 0.975 Loaded shared library C:\Users\Admin\.vscode\extensions\redhat.java-1.32.0-win32-x64\jre\17.0.11-win32-x86_64\bin\nio.dll
Event: 0.987 Loaded shared library C:\Users\Admin\.vscode\extensions\redhat.java-1.32.0-win32-x64\jre\17.0.11-win32-x86_64\bin\zip.dll
Event: 1.042 Loaded shared library C:\Users\Admin\.vscode\extensions\redhat.java-1.32.0-win32-x64\jre\17.0.11-win32-x86_64\bin\jimage.dll
Event: 1.275 Loaded shared library c:\Users\Admin\.vscode\extensions\redhat.java-1.32.0-win32-x64\jre\17.0.11-win32-x86_64\bin\verify.dll
Event: 3.634 Loaded shared library C:\Users\Admin\AppData\Roaming\Code\User\globalStorage\redhat.java\1.32.0\config_ss_win\org.eclipse.equinox.launcher\org.eclipse.equinox.launcher.win32.win32.x86_64_1.2.1100.v20240613-2013\eclipse_11903.dll
Event: 13.947 Loaded shared library C:\Users\Admin\AppData\Local\Temp\jna-63116079\jna17237127515085562542.dll

Deoptimization events (20 events):
Event: 21.556 Thread 0x000001bf1fd352b0 DEOPT PACKING pc=0x000001bf0f4c7540 sp=0x000000a1991fdff0
Event: 21.556 Thread 0x000001bf1fd352b0 DEOPT UNPACKING pc=0x000001bf0ed266a3 sp=0x000000a1991fdf70 mode 2
Event: 21.556 Thread 0x000001bf1fd352b0 Uncommon trap: trap_request=0xffffffbe fr.pc=0x000001bf0f4c7540 relative=0x00000000000045a0
Event: 21.556 Thread 0x000001bf1fd352b0 Uncommon trap: reason=profile_predicate action=maybe_recompile pc=0x000001bf0f4c7540 method=org.eclipse.jdt.internal.compiler.util.Util.isClassFileName(Ljava/lang/String;)Z @ 77 c2
Event: 21.556 Thread 0x000001bf1fd352b0 DEOPT PACKING pc=0x000001bf0f4c7540 sp=0x000000a1991fdff0
Event: 21.556 Thread 0x000001bf1fd352b0 DEOPT UNPACKING pc=0x000001bf0ed266a3 sp=0x000000a1991fdf70 mode 2
Event: 21.556 Thread 0x000001bf1fd352b0 Uncommon trap: trap_request=0xffffffbe fr.pc=0x000001bf0f4c7540 relative=0x00000000000045a0
Event: 21.556 Thread 0x000001bf1fd352b0 Uncommon trap: reason=profile_predicate action=maybe_recompile pc=0x000001bf0f4c7540 method=org.eclipse.jdt.internal.compiler.util.Util.isClassFileName(Ljava/lang/String;)Z @ 77 c2
Event: 21.556 Thread 0x000001bf1fd352b0 DEOPT PACKING pc=0x000001bf0f4c7540 sp=0x000000a1991fdff0
Event: 21.556 Thread 0x000001bf1fd352b0 DEOPT UNPACKING pc=0x000001bf0ed266a3 sp=0x000000a1991fdf70 mode 2
Event: 21.565 Thread 0x000001bf1e5d73e0 DEOPT PACKING pc=0x000001bf07f583b8 sp=0x000000a1986fe4a0
Event: 21.565 Thread 0x000001bf1e5d73e0 DEOPT UNPACKING pc=0x000001bf0ed26e43 sp=0x000000a1986fda40 mode 0
Event: 21.781 Thread 0x000001bf1fd352b0 DEOPT PACKING pc=0x000001bf07f38238 sp=0x000000a1991fccd0
Event: 21.781 Thread 0x000001bf1fd352b0 DEOPT UNPACKING pc=0x000001bf0ed26e43 sp=0x000000a1991fc1e0 mode 0
Event: 21.783 Thread 0x000001bf1fd352b0 DEOPT PACKING pc=0x000001bf07f41090 sp=0x000000a1991fcce0
Event: 21.783 Thread 0x000001bf1fd352b0 DEOPT UNPACKING pc=0x000001bf0ed26e43 sp=0x000000a1991fc1e8 mode 0
Event: 22.013 Thread 0x000001bf1e5d73e0 DEOPT PACKING pc=0x000001bf081002bb sp=0x000000a1986fe740
Event: 22.013 Thread 0x000001bf1e5d73e0 DEOPT UNPACKING pc=0x000001bf0ed26e43 sp=0x000000a1986fdbb8 mode 0
Event: 22.203 Thread 0x000001bf1fd352b0 DEOPT PACKING pc=0x000001bf07fd7d70 sp=0x000000a1991fc180
Event: 22.203 Thread 0x000001bf1fd352b0 DEOPT UNPACKING pc=0x000001bf0ed26e43 sp=0x000000a1991fb648 mode 0

Classes unloaded (7 events):
Event: 5.656 Thread 0x000001bf04bb6a20 Unloading class 0x000000010021a400 'java/lang/invoke/LambdaForm$MH+0x000000010021a400'
Event: 5.656 Thread 0x000001bf04bb6a20 Unloading class 0x000000010021a000 'java/lang/invoke/LambdaForm$MH+0x000000010021a000'
Event: 5.656 Thread 0x000001bf04bb6a20 Unloading class 0x0000000100219c00 'java/lang/invoke/LambdaForm$MH+0x0000000100219c00'
Event: 5.656 Thread 0x000001bf04bb6a20 Unloading class 0x0000000100219800 'java/lang/invoke/LambdaForm$MH+0x0000000100219800'
Event: 5.656 Thread 0x000001bf04bb6a20 Unloading class 0x0000000100219400 'java/lang/invoke/LambdaForm$BMH+0x0000000100219400'
Event: 5.656 Thread 0x000001bf04bb6a20 Unloading class 0x0000000100219000 'java/lang/invoke/LambdaForm$DMH+0x0000000100219000'
Event: 5.656 Thread 0x000001bf04bb6a20 Unloading class 0x0000000100214400 'java/lang/invoke/LambdaForm$DMH+0x0000000100214400'

Classes redefined (0 events):
No events

Internal exceptions (20 events):
Event: 17.080 Thread 0x000001bf1fd39480 Exception <a 'java/io/FileNotFoundException'{0x00000000ec0235b8}> (0x00000000ec0235b8) 
thrown [s\src\hotspot\share\prims\jni.cpp, line 516]
Event: 17.080 Thread 0x000001bf1fd39480 Exception <a 'java/io/FileNotFoundException'{0x00000000ec0245c0}> (0x00000000ec0245c0) 
thrown [s\src\hotspot\share\prims\jni.cpp, line 516]
Event: 17.340 Thread 0x000001bf1e5d5070 Exception <a 'java/io/FileNotFoundException'{0x00000000ebadadd0}> (0x00000000ebadadd0) 
thrown [s\src\hotspot\share\prims\jni.cpp, line 516]
Event: 17.340 Thread 0x000001bf1e5d5070 Exception <a 'java/io/FileNotFoundException'{0x00000000ebadbdc0}> (0x00000000ebadbdc0) 
thrown [s\src\hotspot\share\prims\jni.cpp, line 516]
Event: 17.341 Thread 0x000001bf1e5d5070 Exception <a 'java/io/FileNotFoundException'{0x00000000ebadd5e8}> (0x00000000ebadd5e8) 
thrown [s\src\hotspot\share\prims\jni.cpp, line 516]
Event: 17.341 Thread 0x000001bf1e5d5070 Exception <a 'java/io/FileNotFoundException'{0x00000000ebaf7198}> (0x00000000ebaf7198) 
thrown [s\src\hotspot\share\prims\jni.cpp, line 516]
Event: 17.341 Thread 0x000001bf1e5d5070 Exception <a 'java/io/FileNotFoundException'{0x00000000ebaf81a8}> (0x00000000ebaf81a8) 
thrown [s\src\hotspot\share\prims\jni.cpp, line 516]
Event: 17.962 Thread 0x000001bf1fd352b0 Exception <a 'java/lang/LinkageError'{0x00000000ead980b8}: loader lombok.launch.ShadowClassLoader @9211c5c attempted duplicate class definition for lombok.launch.PatchFixesHider$Transform. (lombok.launch.PatchFixesHider$Transform is in unnamed module of loader lombok.launch.ShadowClassLoader @9211c5c, parent loader org.eclipse.osgi.internal.loader.EquinoxClassLoader @c490faa)> (0x00000000ead980b8) 
thrown [s\src\hotspot\share\classfile\systemDictionary.cpp, line 1723]
Event: 17.962 Thread 0x000001bf1fd38f70 Exception <a 'java/lang/LinkageError'{0x00000000ead547b0}: loader lombok.launch.ShadowClassLoader @9211c5c attempted duplicate class definition for lombok.launch.PatchFixesHider$Transform. (lombok.launch.PatchFixesHider$Transform is in unnamed module of loader lombok.launch.ShadowClassLoader @9211c5c, parent loader org.eclipse.osgi.internal.loader.EquinoxClassLoader @c490faa)> (0x00000000ead547b0) 
thrown [s\src\hotspot\share\classfile\systemDictionary.cpp, line 1723]
Event: 18.183 Thread 0x000001bf1e5d5070 Exception <a 'java/lang/NoSuchMethodError'{0x00000000eacd4d90}: 'java.lang.Object java.lang.invoke.DirectMethodHandle$Holder.invokeVirtual(java.lang.Object, java.lang.Object, java.lang.Object)'> (0x00000000eacd4d90) 
thrown [s\src\hotspot\share\interpreter\linkResolver.cpp, line 759]
Event: 19.768 Thread 0x000001bf1fd352b0 Exception <a 'java/lang/LinkageError'{0x00000000eb667c88}: loader lombok.launch.ShadowClassLoader @39b5170e attempted duplicate class definition for lombok.launch.PatchFixesHider$FieldInitializer. (lombok.launch.PatchFixesHider$FieldInitializer is in unnamed module of loader lombok.launch.ShadowClassLoader @39b5170e, parent loader org.eclipse.osgi.internal.loader.EquinoxClassLoader @15b3c10b)> (0x00000000eb667c88) 
thrown [s\src\hotspot\share\classfile\systemDictionary.cpp, line 1723]
Event: 19.768 Thread 0x000001bf1e5d5070 Exception <a 'java/lang/NoSuchMethodError'{0x00000000eb6243f8}: 'int java.lang.invoke.DirectMethodHandle$Holder.invokeVirtual(java.lang.Object, java.lang.Object)'> (0x00000000eb6243f8) 
thrown [s\src\hotspot\share\interpreter\linkResolver.cpp, line 759]
Event: 19.804 Thread 0x000001bf1e5d5070 Exception <a 'java/lang/NoSuchMethodError'{0x00000000eb72cd88}: 'int java.lang.invoke.DirectMethodHandle$Holder.invokeVirtual(java.lang.Object, java.lang.Object, java.lang.Object)'> (0x00000000eb72cd88) 
thrown [s\src\hotspot\share\interpreter\linkResolver.cpp, line 759]
Event: 19.834 Thread 0x000001bf1fd38f70 Exception <a 'java/lang/LinkageError'{0x00000000eb75ea28}: loader lombok.launch.ShadowClassLoader @39b5170e attempted duplicate class definition for lombok.launch.PatchFixesHider$FieldInitializer. (lombok.launch.PatchFixesHider$FieldInitializer is in unnamed module of loader lombok.launch.ShadowClassLoader @39b5170e, parent loader org.eclipse.osgi.internal.loader.EquinoxClassLoader @15b3c10b)> (0x00000000eb75ea28) 
thrown [s\src\hotspot\share\classfile\systemDictionary.cpp, line 1723]
Event: 19.916 Thread 0x000001bf1e5d5070 Exception <a 'java/lang/NoSuchMethodError'{0x00000000eb9541a8}: 'int java.lang.invoke.DirectMethodHandle$Holder.invokeSpecialIFC(java.lang.Object, java.lang.Object, java.lang.Object)'> (0x00000000eb9541a8) 
thrown [s\src\hotspot\share\interpreter\linkResolver.cpp, line 759]
Event: 20.827 Thread 0x000001bf1fd357c0 Exception <a 'java/lang/ArrayIndexOutOfBoundsException'{0x00000000eb60d3f0}> (0x00000000eb60d3f0) 
thrown [s\src\hotspot\share\runtime\sharedRuntime.cpp, line 631]
Event: 20.885 Thread 0x000001bf1e5d5070 Exception <a 'sun/nio/fs/WindowsException'{0x00000000eb640c50}> (0x00000000eb640c50) 
thrown [s\src\hotspot\share\prims\jni.cpp, line 516]
Event: 21.443 Thread 0x000001bf1fd352b0 Exception <a 'java/lang/NoSuchMethodError'{0x00000000eb6b3080}: 'int java.lang.invoke.DirectMethodHandle$Holder.invokeInterface(java.lang.Object, java.lang.Object)'> (0x00000000eb6b3080) 
thrown [s\src\hotspot\share\interpreter\linkResolver.cpp, line 759]
Event: 21.444 Thread 0x000001bf1fd352b0 Exception <a 'java/lang/IncompatibleClassChangeError'{0x00000000eb6b6610}: Found class java.lang.Object, but interface was expected> (0x00000000eb6b6610) 
thrown [s\src\hotspot\share\interpreter\linkResolver.cpp, line 826]
Event: 21.722 Thread 0x000001bf1e5d73e0 Exception <a 'java/lang/NoSuchMethodError'{0x00000000ebe9b3c8}: 'int java.lang.invoke.DirectMethodHandle$Holder.invokeStatic(java.lang.Object, java.lang.Object, java.lang.Object, int)'> (0x00000000ebe9b3c8) 
thrown [s\src\hotspot\share\interpreter\linkResolver.cpp, line 759]

VM Operations (20 events):
Event: 19.041 Executing VM operation: ParallelGCFailedAllocation
Event: 19.044 Executing VM operation: ParallelGCFailedAllocation done
Event: 20.055 Executing VM operation: Cleanup
Event: 20.111 Executing VM operation: Cleanup done
Event: 20.120 Executing VM operation: HandshakeAllThreads
Event: 20.120 Executing VM operation: HandshakeAllThreads done
Event: 20.326 Executing VM operation: ParallelGCFailedAllocation
Event: 20.377 Executing VM operation: ParallelGCFailedAllocation done
Event: 20.397 Executing VM operation: HandshakeAllThreads
Event: 20.397 Executing VM operation: HandshakeAllThreads done
Event: 21.268 Executing VM operation: ParallelGCFailedAllocation
Event: 21.270 Executing VM operation: ParallelGCFailedAllocation done
Event: 21.553 Executing VM operation: ParallelGCFailedAllocation
Event: 21.555 Executing VM operation: ParallelGCFailedAllocation done
Event: 21.733 Executing VM operation: HandshakeAllThreads
Event: 21.733 Executing VM operation: HandshakeAllThreads done
Event: 21.840 Executing VM operation: ParallelGCFailedAllocation
Event: 21.920 Executing VM operation: ParallelGCFailedAllocation done
Event: 22.182 Executing VM operation: ParallelGCFailedAllocation
Event: 22.185 Executing VM operation: ParallelGCFailedAllocation done

Events (20 events):
Event: 19.914 loading class java/util/stream/MatchOps$BooleanTerminalSink
Event: 19.914 loading class java/util/stream/MatchOps$BooleanTerminalSink done
Event: 19.915 loading class java/util/stream/MatchOps$1MatchSink
Event: 19.915 loading class java/util/stream/MatchOps$1MatchSink done
Event: 20.157 Thread 0x000001bf1fd33450 Thread added: 0x000001bf1fd33450
Event: 20.289 loading class java/util/regex/PatternSyntaxException
Event: 20.289 loading class java/util/regex/PatternSyntaxException done
Event: 20.489 Thread 0x000001bf1fd357c0 Thread added: 0x000001bf1fd357c0
Event: 20.718 loading class sun/reflect/misc/ReflectUtil
Event: 20.720 loading class sun/reflect/misc/ReflectUtil done
Event: 20.733 Thread 0x000001bf1fd33450 Thread exited: 0x000001bf1fd33450
Event: 20.827 loading class java/util/regex/Pattern$1
Event: 20.827 loading class java/util/regex/Pattern$1 done
Event: 21.154 loading class java/io/FileReader
Event: 21.154 loading class java/io/FileReader done
Event: 21.156 loading class java/lang/UnsupportedClassVersionError
Event: 21.156 loading class java/lang/UnsupportedClassVersionError done
Event: 21.160 loading class jdk/internal/reflect/UnsafeQualifiedStaticIntegerFieldAccessorImpl
Event: 21.161 loading class jdk/internal/reflect/UnsafeQualifiedStaticIntegerFieldAccessorImpl done
Event: 21.556 Thread 0x000001bf1fd35cd0 Thread added: 0x000001bf1fd35cd0


Dynamic libraries:
0x00007ff6e05e0000 - 0x00007ff6e05ee000 	c:\Users\Admin\.vscode\extensions\redhat.java-1.32.0-win32-x64\jre\17.0.11-win32-x86_64\bin\java.exe
0x00007ffdf2390000 - 0x00007ffdf25a4000 	C:\Windows\SYSTEM32\ntdll.dll
0x00007ffdf0cf0000 - 0x00007ffdf0db2000 	C:\Windows\System32\KERNEL32.DLL
0x00007ffdefb60000 - 0x00007ffdefefc000 	C:\Windows\System32\KERNELBASE.dll
0x00007ffdef870000 - 0x00007ffdef981000 	C:\Windows\System32\ucrtbase.dll
0x00007ffdec570000 - 0x00007ffdec587000 	c:\Users\Admin\.vscode\extensions\redhat.java-1.32.0-win32-x64\jre\17.0.11-win32-x86_64\bin\jli.dll
0x00007ffdf0900000 - 0x00007ffdf0aab000 	C:\Windows\System32\USER32.dll
0x00007ffdefb30000 - 0x00007ffdefb56000 	C:\Windows\System32\win32u.dll
0x00007ffdf1f60000 - 0x00007ffdf1f89000 	C:\Windows\System32\GDI32.dll
0x00007ffdefa10000 - 0x00007ffdefb23000 	C:\Windows\System32\gdi32full.dll
0x00007ffdef7d0000 - 0x00007ffdef86a000 	C:\Windows\System32\msvcp_win.dll
0x00007ffdec190000 - 0x00007ffdec1ab000 	c:\Users\Admin\.vscode\extensions\redhat.java-1.32.0-win32-x64\jre\17.0.11-win32-x86_64\bin\VCRUNTIME140.dll
0x00007ffdd94d0000 - 0x00007ffdd975e000 	C:\Windows\WinSxS\amd64_microsoft.windows.common-controls_6595b64144ccf1df_6.0.22621.608_none_a9444ca7c10bb01d\COMCTL32.dll
0x00007ffdf0b20000 - 0x00007ffdf0bc7000 	C:\Windows\System32\msvcrt.dll
0x00007ffdf08c0000 - 0x00007ffdf08f1000 	C:\Windows\System32\IMM32.DLL
0x00007ffdec180000 - 0x00007ffdec18c000 	c:\Users\Admin\.vscode\extensions\redhat.java-1.32.0-win32-x64\jre\17.0.11-win32-x86_64\bin\vcruntime140_1.dll
0x00007ffddd4c0000 - 0x00007ffddd54d000 	c:\Users\Admin\.vscode\extensions\redhat.java-1.32.0-win32-x64\jre\17.0.11-win32-x86_64\bin\msvcp140.dll
0x00007ffdb83e0000 - 0x00007ffdb9042000 	c:\Users\Admin\.vscode\extensions\redhat.java-1.32.0-win32-x64\jre\17.0.11-win32-x86_64\bin\server\jvm.dll
0x00007ffdf0fb0000 - 0x00007ffdf105e000 	C:\Windows\System32\ADVAPI32.dll
0x00007ffdf2180000 - 0x00007ffdf2224000 	C:\Windows\System32\sechost.dll
0x00007ffdf2230000 - 0x00007ffdf2347000 	C:\Windows\System32\RPCRT4.dll
0x00007ffdef6a0000 - 0x00007ffdef6ed000 	C:\Windows\SYSTEM32\POWRPROF.dll
0x00007ffdde8f0000 - 0x00007ffdde8f9000 	C:\Windows\SYSTEM32\WSOCK32.dll
0x00007ffdf20f0000 - 0x00007ffdf2161000 	C:\Windows\System32\WS2_32.dll
0x00007ffde71c0000 - 0x00007ffde71f4000 	C:\Windows\SYSTEM32\WINMM.dll
0x00007ffde75d0000 - 0x00007ffde75da000 	C:\Windows\SYSTEM32\VERSION.dll
0x00007ffdef680000 - 0x00007ffdef693000 	C:\Windows\SYSTEM32\UMPDC.dll
0x00007ffdee820000 - 0x00007ffdee838000 	C:\Windows\SYSTEM32\kernel.appcore.dll
0x00007ffdec160000 - 0x00007ffdec16a000 	c:\Users\Admin\.vscode\extensions\redhat.java-1.32.0-win32-x64\jre\17.0.11-win32-x86_64\bin\jimage.dll
0x00007ffded150000 - 0x00007ffded37e000 	C:\Windows\SYSTEM32\DBGHELP.DLL
0x00007ffdf01a0000 - 0x00007ffdf0529000 	C:\Windows\System32\combase.dll
0x00007ffdf2010000 - 0x00007ffdf20e7000 	C:\Windows\System32\OLEAUT32.dll
0x00007ffddb090000 - 0x00007ffddb0c2000 	C:\Windows\SYSTEM32\dbgcore.DLL
0x00007ffdef990000 - 0x00007ffdefa0b000 	C:\Windows\System32\bcryptPrimitives.dll
0x00007ffdec150000 - 0x00007ffdec15e000 	c:\Users\Admin\.vscode\extensions\redhat.java-1.32.0-win32-x64\jre\17.0.11-win32-x86_64\bin\instrument.dll
0x00007ffdec110000 - 0x00007ffdec135000 	c:\Users\Admin\.vscode\extensions\redhat.java-1.32.0-win32-x64\jre\17.0.11-win32-x86_64\bin\java.dll
0x00007ffdec0f0000 - 0x00007ffdec108000 	c:\Users\Admin\.vscode\extensions\redhat.java-1.32.0-win32-x64\jre\17.0.11-win32-x86_64\bin\zip.dll
0x00007ffdf11f0000 - 0x00007ffdf19e0000 	C:\Windows\System32\SHELL32.dll
0x00007ffded7e0000 - 0x00007ffdee0ad000 	C:\Windows\SYSTEM32\windows.storage.dll
0x00007ffded6a0000 - 0x00007ffded7de000 	C:\Windows\SYSTEM32\wintypes.dll
0x00007ffdf1e60000 - 0x00007ffdf1f51000 	C:\Windows\System32\SHCORE.dll
0x00007ffdf0de0000 - 0x00007ffdf0e3e000 	C:\Windows\System32\shlwapi.dll
0x00007ffdef700000 - 0x00007ffdef721000 	C:\Windows\SYSTEM32\profapi.dll
0x00007ffdec0d0000 - 0x00007ffdec0e9000 	C:\Users\Admin\.vscode\extensions\redhat.java-1.32.0-win32-x64\jre\17.0.11-win32-x86_64\bin\net.dll
0x00007ffde8160000 - 0x00007ffde8297000 	C:\Windows\SYSTEM32\WINHTTP.dll
0x00007ffdeec90000 - 0x00007ffdeecf9000 	C:\Windows\system32\mswsock.dll
0x00007ffdec030000 - 0x00007ffdec046000 	C:\Users\Admin\.vscode\extensions\redhat.java-1.32.0-win32-x64\jre\17.0.11-win32-x86_64\bin\nio.dll
0x00007ffdec020000 - 0x00007ffdec030000 	c:\Users\Admin\.vscode\extensions\redhat.java-1.32.0-win32-x64\jre\17.0.11-win32-x86_64\bin\verify.dll
0x00007ffde64e0000 - 0x00007ffde6524000 	C:\Users\Admin\AppData\Roaming\Code\User\globalStorage\redhat.java\1.32.0\config_ss_win\org.eclipse.equinox.launcher\org.eclipse.equinox.launcher.win32.win32.x86_64_1.2.1100.v20240613-2013\eclipse_11903.dll
0x00007ffdf0560000 - 0x00007ffdf06fc000 	C:\Windows\System32\ole32.dll
0x00007ffdeeef0000 - 0x00007ffdeef0b000 	C:\Windows\SYSTEM32\CRYPTSP.dll
0x00007ffdee790000 - 0x00007ffdee7c5000 	C:\Windows\system32\rsaenh.dll
0x00007ffdeed90000 - 0x00007ffdeedb8000 	C:\Windows\SYSTEM32\USERENV.dll
0x00007ffdef0b0000 - 0x00007ffdef0d8000 	C:\Windows\SYSTEM32\bcrypt.dll
0x00007ffdeef10000 - 0x00007ffdeef1c000 	C:\Windows\SYSTEM32\CRYPTBASE.dll
0x00007ffdee300000 - 0x00007ffdee32d000 	C:\Windows\SYSTEM32\IPHLPAPI.DLL
0x00007ffdf0fa0000 - 0x00007ffdf0fa9000 	C:\Windows\System32\NSI.dll
0x00007ffde8420000 - 0x00007ffde8439000 	C:\Windows\SYSTEM32\dhcpcsvc6.DLL
0x00007ffde8400000 - 0x00007ffde841f000 	C:\Windows\SYSTEM32\dhcpcsvc.DLL
0x00007ffdee370000 - 0x00007ffdee463000 	C:\Windows\SYSTEM32\DNSAPI.dll
0x00007ffddd6e0000 - 0x00007ffddd725000 	C:\Users\Admin\AppData\Local\Temp\jna-63116079\jna17237127515085562542.dll
0x00007ffdf2170000 - 0x00007ffdf2178000 	C:\Windows\System32\PSAPI.DLL

dbghelp: loaded successfully - version: 4.0.5 - missing functions: none
symbol engine: initialized successfully - sym options: 0x614 - pdb path: .;c:\Users\Admin\.vscode\extensions\redhat.java-1.32.0-win32-x64\jre\17.0.11-win32-x86_64\bin;C:\Windows\SYSTEM32;C:\Windows\WinSxS\amd64_microsoft.windows.common-controls_6595b64144ccf1df_6.0.22621.608_none_a9444ca7c10bb01d;c:\Users\Admin\.vscode\extensions\redhat.java-1.32.0-win32-x64\jre\17.0.11-win32-x86_64\bin\server;C:\Users\Admin\AppData\Roaming\Code\User\globalStorage\redhat.java\1.32.0\config_ss_win\org.eclipse.equinox.launcher\org.eclipse.equinox.launcher.win32.win32.x86_64_1.2.1100.v20240613-2013;C:\Users\Admin\AppData\Local\Temp\jna-63116079

VM Arguments:
jvm_args: --add-modules=ALL-SYSTEM --add-opens=java.base/java.util=ALL-UNNAMED --add-opens=java.base/java.lang=ALL-UNNAMED --add-opens=java.base/sun.nio.fs=ALL-UNNAMED -Declipse.application=org.eclipse.jdt.ls.core.id1 -Dosgi.bundles.defaultStartLevel=4 -Declipse.product=org.eclipse.jdt.ls.core.product -Djava.import.generatesMetadataFilesAtProjectRoot=false -DDetectVMInstallationsJob.disabled=true -Dfile.encoding=utf8 -XX:+UseParallelGC -XX:GCTimeRatio=4 -XX:AdaptiveSizePolicyWeight=90 -Dsun.zip.disableMemoryMapping=true -Xmx1G -Xms100m -Xlog:disable -javaagent:c:\Users\Admin\.vscode\extensions\redhat.java-1.32.0-win32-x64\lombok\lombok-1.18.33.jar 
java_command: c:\Users\Admin\.vscode\extensions\redhat.java-1.32.0-win32-x64\server\plugins\org.eclipse.equinox.launcher_1.6.900.v20240613-2009.jar -configuration c:\Users\Admin\AppData\Roaming\Code\User\globalStorage\redhat.java\1.32.0\config_ss_win -data c:\Users\Admin\AppData\Roaming\Code\User\workspaceStorage\bb95b85101c6963a136564adb8ffaca1\redhat.java\ss_ws --pipe=\\.\pipe\lsp-c1a6555fbdb27e2a5c14be6437e00080-sock
java_class_path (initial): c:\Users\Admin\.vscode\extensions\redhat.java-1.32.0-win32-x64\server\plugins\org.eclipse.equinox.launcher_1.6.900.v20240613-2009.jar
Launcher Type: SUN_STANDARD

[Global flags]
    uintx AdaptiveSizePolicyWeight                 = 90                                        {product} {command line}
     intx CICompilerCount                          = 3                                         {product} {ergonomic}
    uintx GCTimeRatio                              = 4                                         {product} {command line}
   size_t InitialHeapSize                          = 104857600                                 {product} {command line}
   size_t MaxHeapSize                              = 1073741824                                {product} {command line}
   size_t MaxNewSize                               = 357564416                                 {product} {ergonomic}
   size_t MinHeapDeltaBytes                        = 524288                                    {product} {ergonomic}
   size_t MinHeapSize                              = 104857600                                 {product} {command line}
   size_t NewSize                                  = 34603008                                  {product} {ergonomic}
    uintx NonNMethodCodeHeapSize                   = 5832780                                {pd product} {ergonomic}
    uintx NonProfiledCodeHeapSize                  = 122912730                              {pd product} {ergonomic}
   size_t OldSize                                  = 70254592                                  {product} {ergonomic}
    uintx ProfiledCodeHeapSize                     = 122912730                              {pd product} {ergonomic}
    uintx ReservedCodeCacheSize                    = 251658240                              {pd product} {ergonomic}
     bool SegmentedCodeCache                       = true                                      {product} {ergonomic}
   size_t SoftMaxHeapSize                          = 1073741824                             {manageable} {ergonomic}
     bool UseCompressedClassPointers               = true                           {product lp64_product} {ergonomic}
     bool UseCompressedOops                        = true                           {product lp64_product} {ergonomic}
     bool UseLargePagesIndividualAllocation        = false                                  {pd product} {ergonomic}
     bool UseParallelGC                            = true                                      {product} {command line}

Logging:
Log output configuration:
 #0: stdout all=off uptime,level,tags
 #1: stderr all=off uptime,level,tags

Environment Variables:
PATH=C:\Program Files\Common Files\Oracle\Java\javapath;C:\Windows\system32;C:\Windows;C:\Windows\System32\Wbem;C:\Windows\System32\WindowsPowerShell\v1.0\;C:\Windows\System32\OpenSSH\;C:\Program Files\nodejs\;C:\Program Files\Git\cmd;C:\Program Files\MySQL\MySQL Shell 8.0\bin\;C:\Users\Admin\AppData\Local\Microsoft\WindowsApps;C:\Users\Admin\AppData\Roaming\npm;C:\Users\Admin\AppData\Local\Programs\Microsoft VS Code\bin
USERNAME=Admin
OS=Windows_NT
PROCESSOR_IDENTIFIER=Intel64 Family 6 Model 142 Stepping 12, GenuineIntel
TMP=C:\Users\Admin\AppData\Local\Temp
TEMP=C:\Users\Admin\AppData\Local\Temp



Periodic native trim disabled


---------------  S Y S T E M  ---------------

OS:
 Windows 11 , 64 bit Build 22621 (10.0.22621.1485)
OS uptime: 5 days 20:12 hours

CPU: total 4 (initial active 4) (2 cores per cpu, 2 threads per core) family 6 model 142 stepping 12 microcode 0xea, cx8, cmov, fxsr, ht, mmx, 3dnowpref, sse, sse2, sse3, ssse3, sse4.1, sse4.2, popcnt, lzcnt, tsc, tscinvbit, avx, avx2, aes, erms, clmul, bmi1, bmi2, adx, fma, vzeroupper, clflush, clflushopt
Processor Information for all 4 processors :
  Max Mhz: 2592, Current Mhz: 2093, Mhz Limit: 2073

Memory: 4k page, system-wide physical 3900M (158M free)
TotalPageFile size 15676M (AvailPageFile size 3M)
current process WorkingSet (physical memory assigned to process): 188M, peak: 198M
current process commit charge ("private bytes"): 257M, peak: 268M

vm_info: OpenJDK 64-Bit Server VM (17.0.11+9) for windows-amd64 JRE (17.0.11+9), built on Apr 17 2024 06:07:48 by "admin" with MS VC++ 16.10 / 16.11 (VS2019)

END.
